<?xml version="1.0" encoding="utf-8"?><testsuites name="pytest tests"><testsuite name="pytest" errors="0" failures="0" skipped="0" tests="15" time="0.084" timestamp="2026-08-13T04:26:28.223939-05:00" hostname="MacBook-Air-8.local"><testcase classname="tests.test_dipplin_meta_mechanics" name="test_single_prize_non_ex_target_ignores_ex_modifiers" time="0.031" /><testcase classname="tests.test_dipplin_meta_mechanics" name="test_two_prize_ex_modifier_arithmetic" time="0.000" /><testcase classname="tests.test_dipplin_meta_mechanics" name="test_three_prize_mega_ex_prize_value" time="0.000" /><testcase classname="tests.test_dipplin_meta_mechanics" name="test_grass_weak_high_hp_target_weakness_math" time="0.000" /><testcase classname="tests.test_dipplin_meta_mechanics" name="test_first_hit_ko_vs_two_hit_ko" time="0.000" /><testcase classname="tests.test_dipplin_meta_mechanics" name="test_boss_prefers_bench_target_that_unlocks_second_strike" time="0.000" /><testcase classname="tests.test_dipplin_meta_mechanics" name="test_jamming_tower_disables_brave_bangle" time="0.000" /><testcase classname="tests.test_dipplin_meta_mechanics" name="test_crustle_ex_immunity_does_not_nullify_dipplin" time="0.000" /><testcase classname="tests.test_dipplin_meta_mechanics" name="test_ability_based_immunity_nullifies_dipplin" time="0.000" /><testcase classname="tests.test_dipplin_meta_mechanics" name="test_neutralization_zone_does_not_apply_ex_restriction_to_non_ex_dipplin" time="0.000" /><testcase classname="tests.test_dipplin_meta_mechanics" name="test_bench_threshold_change_is_useful" time="0.000" /><testcase classname="tests.test_dipplin_meta_mechanics" name="test_bench_threshold_no_change_is_not_useful" time="0.000" /><testcase classname="tests.test_dipplin_meta_mechanics" name="test_fragile_bench_is_penalized_in_metric" time="0.004" /><testcase classname="tests.test_dipplin_meta_mechanics" name="test_replacement_continuity_requires_strict_contract" time="0.000" /><testcase classname="tests.test_dipplin_meta_mechanics" name="test_support_active_prefers_retreat_to_ready_dipplin" time="0.000" /></testsuite></testsuites>